<?xml version="1.0" encoding="UTF-8"?>
<testng-results ignored="0" total="2" passed="2" failed="0" skipped="0">
  <reporter-output>
  </reporter-output>
  <suite started-at="2022-04-04T23:09:12 MSK" name="Все тесты" finished-at="2022-04-04T23:09:42 MSK" duration-ms="30724">
    <groups>
    </groups>
    <test started-at="2022-04-04T23:09:12 MSK" name="Тесты корзины" finished-at="2022-04-04T23:09:42 MSK" duration-ms="30724">
      <class name="test.BasketPageTest">
        <test-method is-config="true" signature="configOption()[pri:0, instance:test.BasketPageTest@35a60674]" started-at="2022-04-04T23:09:12 MSK" name="configOption" finished-at="2022-04-04T23:09:12 MSK" duration-ms="32" status="PASS">
          <reporter-output>
          </reporter-output>
        </test-method> <!-- configOption -->
        <test-method is-config="true" signature="openHome()[pri:0, instance:test.BasketPageTest@35a60674]" started-at="2022-04-04T23:09:12 MSK" name="openHome" finished-at="2022-04-04T23:09:19 MSK" duration-ms="7470" status="PASS">
          <reporter-output>
          </reporter-output>
        </test-method> <!-- openHome -->
        <test-method signature="checkAddTwoProductsInBasket()[pri:0, instance:test.BasketPageTest@35a60674]" started-at="2022-04-04T23:09:19 MSK" name="checkAddTwoProductsInBasket" finished-at="2022-04-04T23:09:28 MSK" duration-ms="8341" status="PASS">
          <reporter-output>
          </reporter-output>
        </test-method> <!-- checkAddTwoProductsInBasket -->
        <test-method is-config="true" signature="closeDriver()[pri:0, instance:test.BasketPageTest@35a60674]" started-at="2022-04-04T23:09:28 MSK" name="closeDriver" finished-at="2022-04-04T23:09:29 MSK" duration-ms="1044" status="PASS">
          <reporter-output>
          </reporter-output>
        </test-method> <!-- closeDriver -->
        <test-method is-config="true" signature="openHome()[pri:0, instance:test.BasketPageTest@35a60674]" started-at="2022-04-04T23:09:29 MSK" name="openHome" finished-at="2022-04-04T23:09:34 MSK" duration-ms="5449" status="PASS">
          <reporter-output>
          </reporter-output>
        </test-method> <!-- openHome -->
        <test-method signature="transitionBasket()[pri:0, instance:test.BasketPageTest@35a60674]" started-at="2022-04-04T23:09:34 MSK" name="transitionBasket" finished-at="2022-04-04T23:09:40 MSK" duration-ms="5203" status="PASS">
          <reporter-output>
          </reporter-output>
        </test-method> <!-- transitionBasket -->
        <test-method is-config="true" signature="closeDriver()[pri:0, instance:test.BasketPageTest@35a60674]" started-at="2022-04-04T23:09:40 MSK" name="closeDriver" finished-at="2022-04-04T23:09:42 MSK" duration-ms="2958" status="PASS">
          <reporter-output>
          </reporter-output>
        </test-method> <!-- closeDriver -->
      </class> <!-- test.BasketPageTest -->
    </test> <!-- Тесты корзины -->
  </suite> <!-- Все тесты -->
</testng-results>
