<?xml version="1.0" encoding="UTF-8"?>
<!-- Generated by org.testng.reporters.JUnitXMLReporter -->
<testsuite ignored="0" hostname="WIN-0Q8B1C86QQD" failures="0" tests="4" name="Тесты домашней страницы" time="35.732" errors="0" timestamp="2022-04-03T12:50:41 MSK">
  <testcase classname="test.HomePageTest" name="checkActivationBasketHeader" time="1.677"/>
  <testcase classname="test.HomePageTest" name="checkAuthorisationWindow" time="1.953"/>
  <testcase classname="test.HomePageTest" name="checkEditCity" time="7.125"/>
  <testcase classname="test.HomePageTest" name="checkHeaderButtonsActiveAndDisplayed" time="1.484"/>
</testsuite> <!-- Тесты домашней страницы -->
